#
# There is insufficient memory for the Java Runtime Environment to continue.
# Native memory allocation (malloc) failed to allocate 1015856 bytes. Error detail: Chunk::new
# Possible reasons:
#   The system is out of physical RAM or swap space
#   This process is running with CompressedOops enabled, and the Java Heap may be blocking the growth of the native heap
# Possible solutions:
#   Reduce memory load on the system
#   Increase physical memory or swap space
#   Check if swap backing store is full
#   Decrease Java heap size (-Xmx/-Xms)
#   Decrease number of Java threads
#   Decrease Java thread stack sizes (-Xss)
#   Set larger code cache with -XX:ReservedCodeCacheSize=
#   JVM is running with Unscaled Compressed Oops mode in which the Java heap is
#     placed in the first 4GB address space. The Java Heap base address is the
#     maximum limit for the native heap growth. Please use -XX:HeapBaseMinAddress
#     to set the Java Heap base and to place the Java Heap above 4GB virtual address.
# This output file may be truncated or incomplete.
#
#  Out of Memory Error (arena.cpp:168), pid=7688, tid=63796
#
# JRE version: OpenJDK Runtime Environment (21.0.10) (build 21.0.10+-14961533-b1163.108)
# Java VM: OpenJDK 64-Bit Server VM (21.0.10+-14961533-b1163.108, mixed mode, tiered, compressed oops, compressed class ptrs, g1 gc, windows-amd64)
# No core dump will be written. Minidumps are not enabled by default on client versions of Windows
#

---------------  S U M M A R Y ------------

Command Line: --add-opens=java.base/java.lang=ALL-UNNAMED --add-opens=java.base/java.lang.invoke=ALL-UNNAMED --add-opens=java.base/java.util=ALL-UNNAMED --add-opens=java.prefs/java.util.prefs=ALL-UNNAMED --add-exports=jdk.compiler/com.sun.tools.javac.api=ALL-UNNAMED --add-exports=jdk.compiler/com.sun.tools.javac.util=ALL-UNNAMED --add-opens=java.base/java.util=ALL-UNNAMED --add-opens=java.prefs/java.util.prefs=ALL-UNNAMED --add-opens=java.base/java.nio.charset=ALL-UNNAMED --add-opens=java.base/java.net=ALL-UNNAMED --add-opens=java.base/java.util.concurrent=ALL-UNNAMED --add-opens=java.base/java.util.concurrent.atomic=ALL-UNNAMED --add-opens=java.xml/javax.xml.namespace=ALL-UNNAMED --add-opens=java.base/java.time=ALL-UNNAMED -Xmx2048m -Dfile.encoding=UTF-8 -Duser.country=IN -Duser.language=en -Duser.variant -javaagent:C:\Users\avina\.gradle\wrapper\dists\gradle-9.4.1-bin\arn2x92ynaizyzdaamcbpbhtj\gradle-9.4.1\lib\agents\gradle-instrumentation-agent-9.4.1.jar org.gradle.launcher.daemon.bootstrap.GradleDaemon 9.4.1

Host: AMD Ryzen 5 5500U with Radeon Graphics         , 12 cores, 7G,  Windows 11 , 64 bit Build 26100 (10.0.26100.8328)
Time: Wed May 27 12:01:01 2026 Nepal Standard Time elapsed time: 46.179975 seconds (0d 0h 0m 46s)

---------------  T H R E A D  ---------------

Current thread (0x000001d84d29cd30):  JavaThread "C2 CompilerThread1" daemon [_thread_in_native, id=63796, stack(0x0000005ae1e00000,0x0000005ae1f00000) (1024K)]


Current CompileTask:
C2:46191 9131   !   4       java.net.URLClassLoader$1::run (81 bytes)

Stack: [0x0000005ae1e00000,0x0000005ae1f00000]
Native frames: (J=compiled Java code, j=interpreted, Vv=VM code, C=native code)
V  [jvm.dll+0x6d78a9]
V  [jvm.dll+0x8665b3]
V  [jvm.dll+0x868bde]
V  [jvm.dll+0x8692c3]
V  [jvm.dll+0x280ee6]
V  [jvm.dll+0xc07cd]
V  [jvm.dll+0xc0d03]
V  [jvm.dll+0x2f6170]
V  [jvm.dll+0x6003e9]
V  [jvm.dll+0x252ce2]
V  [jvm.dll+0x25309f]
V  [jvm.dll+0x24b845]
V  [jvm.dll+0x24909e]
V  [jvm.dll+0x1c76e4]
V  [jvm.dll+0x25891e]
V  [jvm.dll+0x256e66]
V  [jvm.dll+0x3f513e]
V  [jvm.dll+0x80fd28]
V  [jvm.dll+0x6d60fd]
C  [ucrtbase.dll+0x37b0]
C  [KERNEL32.DLL+0x2e957]
C  [ntdll.dll+0x427c]


---------------  P R O C E S S  ---------------

Threads class SMR info:
_java_thread_list=0x000001d851afb8f0, length=54, elements={
0x000001d82ff9b810, 0x000001d84c040b80, 0x000001d84c063070, 0x000001d84c0642f0,
0x000001d84c09d710, 0x000001d84c09afb0, 0x000001d84c09d080, 0x000001d84c09dda0,
0x000001d84c0ae060, 0x000001d84c0aeb00, 0x000001d84c09a920, 0x000001d84c09b640,
0x000001d84c09bcd0, 0x000001d84c09c360, 0x000001d84d37e630, 0x000001d84d37ecc0,
0x000001d84d37bed0, 0x000001d84d37d910, 0x000001d84d37b840, 0x000001d84d37f350,
0x000001d84d37f9e0, 0x000001d84d37c560, 0x000001d84d37d280, 0x000001d84d37dfa0,
0x000001d84d381ab0, 0x000001d84d382e60, 0x000001d84d382140, 0x000001d84d3827d0,
0x000001d850765fb0, 0x000001d850765290, 0x000001d850763ee0, 0x000001d850765920,
0x000001d850762b30, 0x000001d850764c00, 0x000001d8507631c0, 0x000001d850766cd0,
0x000001d850763850, 0x000001d850768710, 0x000001d850767360, 0x000001d850768da0,
0x000001d850769430, 0x000001d8507679f0, 0x000001d850769ac0, 0x000001d850768080,
0x000001d85093db20, 0x000001d850940280, 0x000001d85093fbf0, 0x000001d850940910,
0x000001d85093e840, 0x000001d85093e1b0, 0x000001d85093d490, 0x000001d850942350,
0x000001d84d29cd30, 0x000001d84d29ef40
}

Java Threads: ( => current thread )
  0x000001d82ff9b810 JavaThread "main"                              [_thread_blocked, id=9656, stack(0x0000005add800000,0x0000005add900000) (1024K)]
  0x000001d84c040b80 JavaThread "Common-Cleaner"             daemon [_thread_blocked, id=36868, stack(0x0000005ade000000,0x0000005ade100000) (1024K)]
  0x000001d84c063070 JavaThread "Reference Handler"          daemon [_thread_blocked, id=14764, stack(0x0000005ade100000,0x0000005ade200000) (1024K)]
  0x000001d84c0642f0 JavaThread "Finalizer"                  daemon [_thread_blocked, id=50812, stack(0x0000005ade200000,0x0000005ade300000) (1024K)]
  0x000001d84c09d710 JavaThread "Signal Dispatcher"          daemon [_thread_blocked, id=30264, stack(0x0000005ade300000,0x0000005ade400000) (1024K)]
  0x000001d84c09afb0 JavaThread "Attach Listener"            daemon [_thread_blocked, id=30048, stack(0x0000005ade400000,0x0000005ade500000) (1024K)]
  0x000001d84c09d080 JavaThread "Service Thread"             daemon [_thread_blocked, id=23008, stack(0x0000005ade500000,0x0000005ade600000) (1024K)]
  0x000001d84c09dda0 JavaThread "Monitor Deflation Thread"   daemon [_thread_blocked, id=41712, stack(0x0000005ade600000,0x0000005ade700000) (1024K)]
  0x000001d84c0ae060 JavaThread "C2 CompilerThread0"         daemon [_thread_in_vm, id=41500, stack(0x0000005ade700000,0x0000005ade800000) (1024K)]
  0x000001d84c0aeb00 JavaThread "C1 CompilerThread0"         daemon [_thread_blocked, id=63240, stack(0x0000005ade800000,0x0000005ade900000) (1024K)]
  0x000001d84c09a920 JavaThread "Notification Thread"        daemon [_thread_blocked, id=43352, stack(0x0000005ade900000,0x0000005adea00000) (1024K)]
  0x000001d84c09b640 JavaThread "Daemon health stats"               [_thread_blocked, id=61032, stack(0x0000005adee00000,0x0000005adef00000) (1024K)]
  0x000001d84c09bcd0 JavaThread "Incoming local TCP Connector on port 29617"        [_thread_in_native, id=41676, stack(0x0000005adef00000,0x0000005adf000000) (1024K)]
  0x000001d84c09c360 JavaThread "Daemon periodic checks"            [_thread_blocked, id=70324, stack(0x0000005adf000000,0x0000005adf100000) (1024K)]
  0x000001d84d37e630 JavaThread "Daemon"                            [_thread_blocked, id=43952, stack(0x0000005adf200000,0x0000005adf300000) (1024K)]
  0x000001d84d37ecc0 JavaThread "Handler for socket connection from /127.0.0.1:29617 to /127.0.0.1:29619"        [_thread_in_native, id=31776, stack(0x0000005adf300000,0x0000005adf400000) (1024K)]
  0x000001d84d37bed0 JavaThread "Cancel handler"                    [_thread_blocked, id=11696, stack(0x0000005adf400000,0x0000005adf500000) (1024K)]
  0x000001d84d37d910 JavaThread "Daemon worker"                     [_thread_blocked, id=25312, stack(0x0000005adfc00000,0x0000005adfd00000) (1024K)]
  0x000001d84d37b840 JavaThread "Asynchronous log dispatcher for DefaultDaemonConnection: socket connection from /127.0.0.1:29617 to /127.0.0.1:29619"        [_thread_blocked, id=22612, stack(0x0000005adfd00000,0x0000005adfe00000) (1024K)]
  0x000001d84d37f350 JavaThread "Stdin handler"                     [_thread_blocked, id=43636, stack(0x0000005adfe00000,0x0000005adff00000) (1024K)]
  0x000001d84d37f9e0 JavaThread "Daemon client event forwarder"        [_thread_blocked, id=26296, stack(0x0000005adff00000,0x0000005ae0000000) (1024K)]
  0x000001d84d37c560 JavaThread "Cache worker for journal cache (C:\Users\avina\.gradle\caches\journal-1)"        [_thread_blocked, id=29136, stack(0x0000005ae0000000,0x0000005ae0100000) (1024K)]
  0x000001d84d37d280 JavaThread "File lock request listener"        [_thread_in_native, id=28908, stack(0x0000005ae0100000,0x0000005ae0200000) (1024K)]
  0x000001d84d37dfa0 JavaThread "Cache worker for file hash cache (C:\Users\avina\.gradle\caches\9.4.1\fileHashes)"        [_thread_blocked, id=3216, stack(0x0000005ae0200000,0x0000005ae0300000) (1024K)]
  0x000001d84d381ab0 JavaThread "Cache worker for file hash cache (C:\Users\avina\BookVault\.gradle\9.4.1\fileHashes)"        [_thread_blocked, id=40656, stack(0x0000005ae0300000,0x0000005ae0400000) (1024K)]
  0x000001d84d382e60 JavaThread "Cache worker for Build Output Cleanup Cache (C:\Users\avina\BookVault\.gradle\buildOutputCleanup)"        [_thread_blocked, id=19336, stack(0x0000005ae0400000,0x0000005ae0500000) (1024K)]
  0x000001d84d382140 JavaThread "File watcher server"        daemon [_thread_in_native, id=60020, stack(0x0000005ae0500000,0x0000005ae0600000) (1024K)]
  0x000001d84d3827d0 JavaThread "File watcher consumer"      daemon [_thread_blocked, id=20624, stack(0x0000005ae0600000,0x0000005ae0700000) (1024K)]
  0x000001d850765fb0 JavaThread "Cache worker for file content cache (C:\Users\avina\.gradle\caches\9.4.1\fileContent)"        [_thread_blocked, id=26732, stack(0x0000005ae0700000,0x0000005ae0800000) (1024K)]
  0x000001d850765290 JavaThread "Cache worker for checksums cache (C:\Users\avina\BookVault\.gradle\9.4.1\checksums)"        [_thread_blocked, id=42440, stack(0x0000005adf100000,0x0000005adf200000) (1024K)]
  0x000001d850763ee0 JavaThread "Cache worker for cache directory md-supplier (C:\Users\avina\.gradle\caches\9.4.1\md-supplier)"        [_thread_blocked, id=12160, stack(0x0000005ae0800000,0x0000005ae0900000) (1024K)]
  0x000001d850765920 JavaThread "Cache worker for cache directory md-rule (C:\Users\avina\.gradle\caches\9.4.1\md-rule)"        [_thread_blocked, id=34180, stack(0x0000005ae0900000,0x0000005ae0a00000) (1024K)]
  0x000001d850762b30 JavaThread "jar transforms"                    [_thread_blocked, id=2308, stack(0x0000005ae0a00000,0x0000005ae0b00000) (1024K)]
  0x000001d850764c00 JavaThread "jar transforms Thread 2"           [_thread_blocked, id=64652, stack(0x0000005ae0b00000,0x0000005ae0c00000) (1024K)]
  0x000001d8507631c0 JavaThread "jar transforms Thread 3"           [_thread_blocked, id=13128, stack(0x0000005ae0c00000,0x0000005ae0d00000) (1024K)]
  0x000001d850766cd0 JavaThread "Build operations"                  [_thread_blocked, id=65964, stack(0x0000005ae0d00000,0x0000005ae0e00000) (1024K)]
  0x000001d850763850 JavaThread "Build operations Thread 2"         [_thread_blocked, id=63776, stack(0x0000005ae0e00000,0x0000005ae0f00000) (1024K)]
  0x000001d850768710 JavaThread "Build operations Thread 3"         [_thread_blocked, id=52500, stack(0x0000005ae0f00000,0x0000005ae1000000) (1024K)]
  0x000001d850767360 JavaThread "Build operations Thread 4"         [_thread_blocked, id=29688, stack(0x0000005ae1000000,0x0000005ae1100000) (1024K)]
  0x000001d850768da0 JavaThread "Build operations Thread 5"         [_thread_blocked, id=21676, stack(0x0000005ae1100000,0x0000005ae1200000) (1024K)]
  0x000001d850769430 JavaThread "Build operations Thread 6"         [_thread_blocked, id=39812, stack(0x0000005ae1200000,0x0000005ae1300000) (1024K)]
  0x000001d8507679f0 JavaThread "Build operations Thread 7"         [_thread_blocked, id=25644, stack(0x0000005ae1300000,0x0000005ae1400000) (1024K)]
  0x000001d850769ac0 JavaThread "Build operations Thread 8"         [_thread_blocked, id=21772, stack(0x0000005ae1400000,0x0000005ae1500000) (1024K)]
  0x000001d850768080 JavaThread "Build operations Thread 9"         [_thread_blocked, id=47900, stack(0x0000005ae1500000,0x0000005ae1600000) (1024K)]
  0x000001d85093db20 JavaThread "Build operations Thread 10"        [_thread_blocked, id=40576, stack(0x0000005ae1600000,0x0000005ae1700000) (1024K)]
  0x000001d850940280 JavaThread "Build operations Thread 11"        [_thread_blocked, id=34796, stack(0x0000005ae1700000,0x0000005ae1800000) (1024K)]
  0x000001d85093fbf0 JavaThread "Build operations Thread 12"        [_thread_blocked, id=24192, stack(0x0000005ae1800000,0x0000005ae1900000) (1024K)]
  0x000001d850940910 JavaThread "jar transforms Thread 4"           [_thread_blocked, id=55568, stack(0x0000005ae1900000,0x0000005ae1a00000) (1024K)]
  0x000001d85093e840 JavaThread "jar transforms Thread 5"           [_thread_blocked, id=5896, stack(0x0000005ae1a00000,0x0000005ae1b00000) (1024K)]
  0x000001d85093e1b0 JavaThread "jar transforms Thread 6"           [_thread_blocked, id=19244, stack(0x0000005ae1b00000,0x0000005ae1c00000) (1024K)]
  0x000001d85093d490 JavaThread "jar transforms Thread 7"           [_thread_blocked, id=56452, stack(0x0000005ae1c00000,0x0000005ae1d00000) (1024K)]
  0x000001d850942350 JavaThread "jar transforms Thread 8"           [_thread_blocked, id=45608, stack(0x0000005ae1d00000,0x0000005ae1e00000) (1024K)]
=>0x000001d84d29cd30 JavaThread "C2 CompilerThread1"         daemon [_thread_in_native, id=63796, stack(0x0000005ae1e00000,0x0000005ae1f00000) (1024K)]
  0x000001d84d29ef40 JavaThread "C2 CompilerThread2"         daemon [_thread_in_native, id=49600, stack(0x0000005ae1f00000,0x0000005ae2000000) (1024K)]
Total: 54

Other Threads:
  0x000001d84c018c10 VMThread "VM Thread"                           [id=10148, stack(0x0000005addf00000,0x0000005ade000000) (1024K)]
  0x000001d847a70cb0 WatcherThread "VM Periodic Task Thread"        [id=48584, stack(0x0000005adde00000,0x0000005addf00000) (1024K)]
  0x000001d82fff4680 WorkerThread "GC Thread#0"                     [id=51320, stack(0x0000005add900000,0x0000005adda00000) (1024K)]
  0x000001d84d018910 WorkerThread "GC Thread#1"                     [id=33196, stack(0x0000005adea00000,0x0000005adeb00000) (1024K)]
  0x000001d84d126ef0 WorkerThread "GC Thread#2"                     [id=32436, stack(0x0000005adeb00000,0x0000005adec00000) (1024K)]
  0x000001d84cfc9230 WorkerThread "GC Thread#3"                     [id=48784, stack(0x0000005adec00000,0x0000005aded00000) (1024K)]
  0x000001d84d25aef0 WorkerThread "GC Thread#4"                     [id=44944, stack(0x0000005aded00000,0x0000005adee00000) (1024K)]
  0x000001d84d25ab40 WorkerThread "GC Thread#5"                     [id=71620, stack(0x0000005adf500000,0x0000005adf600000) (1024K)]
  0x000001d84d25a030 WorkerThread "GC Thread#6"                     [id=5816, stack(0x0000005adf600000,0x0000005adf700000) (1024K)]
  0x000001d84c522af0 WorkerThread "GC Thread#7"                     [id=64200, stack(0x0000005adf700000,0x0000005adf800000) (1024K)]
  0x000001d84c521c30 WorkerThread "GC Thread#8"                     [id=7904, stack(0x0000005adf800000,0x0000005adf900000) (1024K)]
  0x000001d84c5209c0 WorkerThread "GC Thread#9"                     [id=68592, stack(0x0000005adf900000,0x0000005adfa00000) (1024K)]
  0x000001d830006b60 ConcurrentGCThread "G1 Main Marker"            [id=39740, stack(0x0000005adda00000,0x0000005addb00000) (1024K)]
  0x000001d830007580 WorkerThread "G1 Conc#0"                       [id=28092, stack(0x0000005addb00000,0x0000005addc00000) (1024K)]
  0x000001d84c521120 WorkerThread "G1 Conc#1"                       [id=25516, stack(0x0000005adfa00000,0x0000005adfb00000) (1024K)]
  0x000001d84c523600 WorkerThread "G1 Conc#2"                       [id=34372, stack(0x0000005adfb00000,0x0000005adfc00000) (1024K)]
  0x000001d84793fd80 ConcurrentGCThread "G1 Refine#0"               [id=28636, stack(0x0000005addc00000,0x0000005addd00000) (1024K)]
  0x000001d847940710 ConcurrentGCThread "G1 Service"                [id=71824, stack(0x0000005addd00000,0x0000005adde00000) (1024K)]
Total: 18

Threads with active compile tasks:
C2 CompilerThread0  47165 9270       4       java.util.LinkedHashMap::keysToArray (80 bytes)
C2 CompilerThread1  47165 9131   !   4       java.net.URLClassLoader$1::run (81 bytes)
C2 CompilerThread2  47165 9130       4       java.net.URLClassLoader$1::run (5 bytes)
Total: 3

VM state: not at safepoint (normal execution)

VM Mutex/Monitor currently owned by a thread: None

Heap address: 0x0000000080000000, size: 2048 MB, Compressed Oops mode: 32-bit

CDS archive(s) not mapped
Compressed class space mapped at: 0x0000000100000000-0x0000000140000000, reserved size: 1073741824
Narrow klass base: 0x0000000000000000, Narrow klass shift: 3, Narrow klass range: 0x140000000

GC Precious Log:
 CardTable entry size: 512
 Card Set container configuration: InlinePtr #cards 5 size 8 Array Of Cards #cards 12 size 40 Howl #buckets 4 coarsen threshold 1843 Howl Bitmap #cards 512 size 80 coarsen threshold 460 Card regions per heap region 1 cards per card region 2048
 CPUs: 12 total, 12 available
 Memory: 7514M
 Large Page Support: Disabled
 NUMA Support: Disabled
 Compressed Oops: Enabled (32-bit)
 Heap Region Size: 1M
 Heap Min Capacity: 8M
 Heap Initial Capacity: 118M
 Heap Max Capacity: 2G
 Pre-touch: Disabled
 Parallel Workers: 10
 Concurrent Workers: 3
 Concurrent Refinement Workers: 10
 Periodic GC: Disabled

Heap:
 garbage-first heap   total 113664K, used 72498K [0x0000000080000000, 0x0000000100000000)
  region size 1024K, 19 young (19456K), 5 survivors (5120K)
 Metaspace       used 72246K, committed 74112K, reserved 1114112K
  class space    used 10279K, committed 11200K, reserved 1048576K

Heap Regions: E=young(eden), S=young(survivor), O=old, HS=humongous(starts), HC=humongous(continues), CS=collection set, F=free, TAMS=top-at-mark-start, PB=parsable bottom
|   0|0x0000000080000000, 0x0000000080100000, 0x0000000080100000|100%|HS|  |TAMS 0x0000000080000000| PB 0x0000000080000000| Complete 
|   1|0x0000000080100000, 0x0000000080200000, 0x0000000080200000|100%|HC|  |TAMS 0x0000000080100000| PB 0x0000000080100000| Complete 
|   2|0x0000000080200000, 0x0000000080300000, 0x0000000080300000|100%|HC|  |TAMS 0x0000000080200000| PB 0x0000000080200000| Complete 
|   3|0x0000000080300000, 0x0000000080400000, 0x0000000080400000|100%|HC|  |TAMS 0x0000000080300000| PB 0x0000000080300000| Complete 
|   4|0x0000000080400000, 0x0000000080500000, 0x0000000080500000|100%| O|  |TAMS 0x0000000080400000| PB 0x0000000080400000| Untracked 
|   5|0x0000000080500000, 0x0000000080600000, 0x0000000080600000|100%| O|  |TAMS 0x0000000080500000| PB 0x0000000080500000| Untracked 
|   6|0x0000000080600000, 0x0000000080700000, 0x0000000080700000|100%| O|  |TAMS 0x0000000080600000| PB 0x0000000080600000| Untracked 
|   7|0x0000000080700000, 0x0000000080800000, 0x0000000080800000|100%| O|  |TAMS 0x0000000080700000| PB 0x0000000080700000| Untracked 
|   8|0x0000000080800000, 0x0000000080900000, 0x0000000080900000|100%| O|  |TAMS 0x0000000080800000| PB 0x0000000080800000| Untracked 
|   9|0x0000000080900000, 0x0000000080a00000, 0x0000000080a00000|100%| O|  |TAMS 0x0000000080900000| PB 0x0000000080900000| Untracked 
|  10|0x0000000080a00000, 0x0000000080b00000, 0x0000000080b00000|100%| O|  |TAMS 0x0000000080a00000| PB 0x0000000080a00000| Untracked 
|  11|0x0000000080b00000, 0x0000000080c00000, 0x0000000080c00000|100%|HS|  |TAMS 0x0000000080b00000| PB 0x0000000080b00000| Complete 
|  12|0x0000000080c00000, 0x0000000080d00000, 0x0000000080d00000|100%| O|  |TAMS 0x0000000080c00000| PB 0x0000000080c00000| Untracked 
|  13|0x0000000080d00000, 0x0000000080e00000, 0x0000000080e00000|100%| O|  |TAMS 0x0000000080d00000| PB 0x0000000080d00000| Untracked 
|  14|0x0000000080e00000, 0x0000000080f00000, 0x0000000080f00000|100%| O|  |TAMS 0x0000000080e00000| PB 0x0000000080e00000| Untracked 
|  15|0x0000000080f00000, 0x0000000081000000, 0x0000000081000000|100%| O|  |TAMS 0x0000000080f00000| PB 0x0000000080f00000| Untracked 
|  16|0x0000000081000000, 0x0000000081100000, 0x0000000081100000|100%| O|  |TAMS 0x0000000081000000| PB 0x0000000081000000| Untracked 
|  17|0x0000000081100000, 0x0000000081200000, 0x0000000081200000|100%| O|  |TAMS 0x0000000081100000| PB 0x0000000081100000| Untracked 
|  18|0x0000000081200000, 0x0000000081300000, 0x0000000081300000|100%| O|  |TAMS 0x0000000081200000| PB 0x0000000081200000| Untracked 
|  19|0x0000000081300000, 0x0000000081400000, 0x0000000081400000|100%| O|  |TAMS 0x0000000081300000| PB 0x0000000081300000| Untracked 
|  20|0x0000000081400000, 0x0000000081500000, 0x0000000081500000|100%| O|  |TAMS 0x0000000081400000| PB 0x0000000081400000| Untracked 
|  21|0x0000000081500000, 0x0000000081600000, 0x0000000081600000|100%| O|  |TAMS 0x0000000081500000| PB 0x0000000081500000| Untracked 
|  22|0x0000000081600000, 0x0000000081700000, 0x0000000081700000|100%|HS|  |TAMS 0x0000000081600000| PB 0x0000000081600000| Complete 
|  23|0x0000000081700000, 0x0000000081800000, 0x0000000081800000|100%|HC|  |TAMS 0x0000000081700000| PB 0x0000000081700000| Complete 
|  24|0x0000000081800000, 0x0000000081900000, 0x0000000081900000|100%| O|  |TAMS 0x0000000081800000| PB 0x0000000081800000| Untracked 
|  25|0x0000000081900000, 0x0000000081a00000, 0x0000000081a00000|100%| O|  |TAMS 0x0000000081900000| PB 0x0000000081900000| Untracked 
|  26|0x0000000081a00000, 0x0000000081b00000, 0x0000000081b00000|100%| O|  |TAMS 0x0000000081a00000| PB 0x0000000081a00000| Untracked 
|  27|0x0000000081b00000, 0x0000000081c00000, 0x0000000081c00000|100%| O|Cm|TAMS 0x0000000081b00000| PB 0x0000000081b00000| Complete 
|  28|0x0000000081c00000, 0x0000000081d00000, 0x0000000081d00000|100%| O|  |TAMS 0x0000000081c00000| PB 0x0000000081c00000| Untracked 
|  29|0x0000000081d00000, 0x0000000081e00000, 0x0000000081e00000|100%| O|  |TAMS 0x0000000081d00000| PB 0x0000000081d00000| Untracked 
|  30|0x0000000081e00000, 0x0000000081f00000, 0x0000000081f00000|100%| O|  |TAMS 0x0000000081e00000| PB 0x0000000081e00000| Untracked 
|  31|0x0000000081f00000, 0x0000000081f00000, 0x0000000082000000|  0%| F|  |TAMS 0x0000000081f00000| PB 0x0000000081f00000| Untracked 
|  32|0x0000000082000000, 0x0000000082000000, 0x0000000082100000|  0%| F|  |TAMS 0x0000000082000000| PB 0x0000000082000000| Untracked 
|  33|0x0000000082100000, 0x0000000082200000, 0x0000000082200000|100%| O|  |TAMS 0x0000000082100000| PB 0x0000000082100000| Untracked 
|  34|0x0000000082200000, 0x0000000082300000, 0x0000000082300000|100%| O|  |TAMS 0x0000000082200000| PB 0x0000000082200000| Untracked 
|  35|0x0000000082300000, 0x0000000082400000, 0x0000000082400000|100%| O|  |TAMS 0x0000000082300000| PB 0x0000000082300000| Untracked 
|  36|0x0000000082400000, 0x0000000082500000, 0x0000000082500000|100%| O|  |TAMS 0x0000000082400000| PB 0x0000000082400000| Untracked 
|  37|0x0000000082500000, 0x0000000082600000, 0x0000000082600000|100%| O|  |TAMS 0x0000000082500000| PB 0x0000000082500000| Untracked 
|  38|0x0000000082600000, 0x0000000082700000, 0x0000000082700000|100%| O|  |TAMS 0x0000000082600000| PB 0x0000000082600000| Untracked 
|  39|0x0000000082700000, 0x0000000082800000, 0x0000000082800000|100%| O|  |TAMS 0x0000000082700000| PB 0x0000000082700000| Untracked 
|  40|0x0000000082800000, 0x0000000082900000, 0x0000000082900000|100%| O|  |TAMS 0x0000000082800000| PB 0x0000000082800000| Untracked 
|  41|0x0000000082900000, 0x0000000082a00000, 0x0000000082a00000|100%| O|  |TAMS 0x0000000082900000| PB 0x0000000082900000| Untracked 
|  42|0x0000000082a00000, 0x0000000082b00000, 0x0000000082b00000|100%| O|Cm|TAMS 0x0000000082a00000| PB 0x0000000082a00000| Complete 
|  43|0x0000000082b00000, 0x0000000082c00000, 0x0000000082c00000|100%| O|  |TAMS 0x0000000082b00000| PB 0x0000000082b00000| Untracked 
|  44|0x0000000082c00000, 0x0000000082d00000, 0x0000000082d00000|100%| O|  |TAMS 0x0000000082c00000| PB 0x0000000082c00000| Untracked 
|  45|0x0000000082d00000, 0x0000000082d3a188, 0x0000000082e00000| 22%| O|  |TAMS 0x0000000082d00000| PB 0x0000000082d00000| Untracked 
|  46|0x0000000082e00000, 0x0000000082e00000, 0x0000000082f00000|  0%| F|  |TAMS 0x0000000082e00000| PB 0x0000000082e00000| Untracked 
|  47|0x0000000082f00000, 0x0000000082f00000, 0x0000000083000000|  0%| F|  |TAMS 0x0000000082f00000| PB 0x0000000082f00000| Untracked 
|  48|0x0000000083000000, 0x0000000083000000, 0x0000000083100000|  0%| F|  |TAMS 0x0000000083000000| PB 0x0000000083000000| Untracked 
|  49|0x0000000083100000, 0x0000000083100000, 0x0000000083200000|  0%| F|  |TAMS 0x0000000083100000| PB 0x0000000083100000| Untracked 
|  50|0x0000000083200000, 0x0000000083200000, 0x0000000083300000|  0%| F|  |TAMS 0x0000000083200000| PB 0x0000000083200000| Untracked 
|  51|0x0000000083300000, 0x0000000083300000, 0x0000000083400000|  0%| F|  |TAMS 0x0000000083300000| PB 0x0000000083300000| Untracked 
|  52|0x0000000083400000, 0x0000000083400000, 0x0000000083500000|  0%| F|  |TAMS 0x0000000083400000| PB 0x0000000083400000| Untracked 
|  53|0x0000000083500000, 0x0000000083592a00, 0x0000000083600000| 57%| S|CS|TAMS 0x0000000083500000| PB 0x0000000083500000| Complete 
|  54|0x0000000083600000, 0x0000000083700000, 0x0000000083700000|100%| S|CS|TAMS 0x0000000083600000| PB 0x0000000083600000| Complete 
|  55|0x0000000083700000, 0x0000000083800000, 0x0000000083800000|100%| S|CS|TAMS 0x0000000083700000| PB 0x0000000083700000| Complete 
|  56|0x0000000083800000, 0x0000000083900000, 0x0000000083900000|100%| S|CS|TAMS 0x0000000083800000| PB 0x0000000083800000| Complete 
|  57|0x0000000083900000, 0x0000000083a00000, 0x0000000083a00000|100%| S|CS|TAMS 0x0000000083900000| PB 0x0000000083900000| Complete 
|  58|0x0000000083a00000, 0x0000000083a00000, 0x0000000083b00000|  0%| F|  |TAMS 0x0000000083a00000| PB 0x0000000083a00000| Untracked 
|  59|0x0000000083b00000, 0x0000000083b00000, 0x0000000083c00000|  0%| F|  |TAMS 0x0000000083b00000| PB 0x0000000083b00000| Untracked 
|  60|0x0000000083c00000, 0x0000000083c00000, 0x0000000083d00000|  0%| F|  |TAMS 0x0000000083c00000| PB 0x0000000083c00000| Untracked 
|  61|0x0000000083d00000, 0x0000000083d00000, 0x0000000083e00000|  0%| F|  |TAMS 0x0000000083d00000| PB 0x0000000083d00000| Untracked 
|  62|0x0000000083e00000, 0x0000000083e00000, 0x0000000083f00000|  0%| F|  |TAMS 0x0000000083e00000| PB 0x0000000083e00000| Untracked 
|  63|0x0000000083f00000, 0x0000000083f00000, 0x0000000084000000|  0%| F|  |TAMS 0x0000000083f00000| PB 0x0000000083f00000| Untracked 
|  64|0x0000000084000000, 0x0000000084000000, 0x0000000084100000|  0%| F|  |TAMS 0x0000000084000000| PB 0x0000000084000000| Untracked 
|  65|0x0000000084100000, 0x0000000084100000, 0x0000000084200000|  0%| F|  |TAMS 0x0000000084100000| PB 0x0000000084100000| Untracked 
|  66|0x0000000084200000, 0x0000000084200000, 0x0000000084300000|  0%| F|  |TAMS 0x0000000084200000| PB 0x0000000084200000| Untracked 
|  67|0x0000000084300000, 0x0000000084300000, 0x0000000084400000|  0%| F|  |TAMS 0x0000000084300000| PB 0x0000000084300000| Untracked 
|  68|0x0000000084400000, 0x0000000084400000, 0x0000000084500000|  0%| F|  |TAMS 0x0000000084400000| PB 0x0000000084400000| Untracked 
|  69|0x0000000084500000, 0x0000000084500000, 0x0000000084600000|  0%| F|  |TAMS 0x0000000084500000| PB 0x0000000084500000| Untracked 
|  70|0x0000000084600000, 0x0000000084600000, 0x0000000084700000|  0%| F|  |TAMS 0x0000000084600000| PB 0x0000000084600000| Untracked 
|  71|0x0000000084700000, 0x0000000084700000, 0x0000000084800000|  0%| F|  |TAMS 0x0000000084700000| PB 0x0000000084700000| Untracked 
|  72|0x0000000084800000, 0x0000000084800000, 0x0000000084900000|  0%| F|  |TAMS 0x0000000084800000| PB 0x0000000084800000| Untracked 
|  73|0x0000000084900000, 0x0000000084900000, 0x0000000084a00000|  0%| F|  |TAMS 0x0000000084900000| PB 0x0000000084900000| Untracked 
|  74|0x0000000084a00000, 0x0000000084a00000, 0x0000000084b00000|  0%| F|  |TAMS 0x0000000084a00000| PB 0x0000000084a00000| Untracked 
|  75|0x0000000084b00000, 0x0000000084b00000, 0x0000000084c00000|  0%| F|  |TAMS 0x0000000084b00000| PB 0x0000000084b00000| Untracked 
|  76|0x0000000084c00000, 0x0000000084c00000, 0x0000000084d00000|  0%| F|  |TAMS 0x0000000084c00000| PB 0x0000000084c00000| Untracked 
|  77|0x0000000084d00000, 0x0000000084d00000, 0x0000000084e00000|  0%| F|  |TAMS 0x0000000084d00000| PB 0x0000000084d00000| Untracked 
|  78|0x0000000084e00000, 0x0000000084e00000, 0x0000000084f00000|  0%| F|  |TAMS 0x0000000084e00000| PB 0x0000000084e00000| Untracked 
|  79|0x0000000084f00000, 0x0000000084f00000, 0x0000000085000000|  0%| F|  |TAMS 0x0000000084f00000| PB 0x0000000084f00000| Untracked 
|  80|0x0000000085000000, 0x0000000085000000, 0x0000000085100000|  0%| F|  |TAMS 0x0000000085000000| PB 0x0000000085000000| Untracked 
|  81|0x0000000085100000, 0x0000000085100000, 0x0000000085200000|  0%| F|  |TAMS 0x0000000085100000| PB 0x0000000085100000| Untracked 
|  82|0x0000000085200000, 0x0000000085200000, 0x0000000085300000|  0%| F|  |TAMS 0x0000000085200000| PB 0x0000000085200000| Untracked 
|  83|0x0000000085300000, 0x0000000085300000, 0x0000000085400000|  0%| F|  |TAMS 0x0000000085300000| PB 0x0000000085300000| Untracked 
|  84|0x0000000085400000, 0x0000000085400000, 0x0000000085500000|  0%| F|  |TAMS 0x0000000085400000| PB 0x0000000085400000| Untracked 
|  85|0x0000000085500000, 0x0000000085500000, 0x0000000085600000|  0%| F|  |TAMS 0x0000000085500000| PB 0x0000000085500000| Untracked 
|  86|0x0000000085600000, 0x0000000085600000, 0x0000000085700000|  0%| F|  |TAMS 0x0000000085600000| PB 0x0000000085600000| Untracked 
|  87|0x0000000085700000, 0x00000000857c3770, 0x0000000085800000| 76%| E|  |TAMS 0x0000000085700000| PB 0x0000000085700000| Complete 
|  88|0x0000000085800000, 0x0000000085900000, 0x0000000085900000|100%| E|CS|TAMS 0x0000000085800000| PB 0x0000000085800000| Complete 
|  89|0x0000000085900000, 0x0000000085a00000, 0x0000000085a00000|100%| E|CS|TAMS 0x0000000085900000| PB 0x0000000085900000| Complete 
|  90|0x0000000085a00000, 0x0000000085b00000, 0x0000000085b00000|100%| E|CS|TAMS 0x0000000085a00000| PB 0x0000000085a00000| Complete 
|  91|0x0000000085b00000, 0x0000000085c00000, 0x0000000085c00000|100%| E|CS|TAMS 0x0000000085b00000| PB 0x0000000085b00000| Complete 
|  92|0x0000000085c00000, 0x0000000085d00000, 0x0000000085d00000|100%| E|CS|TAMS 0x0000000085c00000| PB 0x0000000085c00000| Complete 
|  93|0x0000000085d00000, 0x0000000085e00000, 0x0000000085e00000|100%| E|CS|TAMS 0x0000000085d00000| PB 0x0000000085d00000| Complete 
|  94|0x0000000085e00000, 0x0000000085f00000, 0x0000000085f00000|100%| E|CS|TAMS 0x0000000085e00000| PB 0x0000000085e00000| Complete 
|  95|0x0000000085f00000, 0x0000000086000000, 0x0000000086000000|100%| E|CS|TAMS 0x0000000085f00000| PB 0x0000000085f00000| Complete 
|  96|0x0000000086000000, 0x0000000086100000, 0x0000000086100000|100%| E|CS|TAMS 0x0000000086000000| PB 0x0000000086000000| Complete 
|  97|0x0000000086100000, 0x0000000086200000, 0x0000000086200000|100%| E|CS|TAMS 0x0000000086100000| PB 0x0000000086100000| Complete 
|  98|0x0000000086200000, 0x0000000086300000, 0x0000000086300000|100%| E|CS|TAMS 0x0000000086200000| PB 0x0000000086200000| Complete 
| 117|0x0000000087500000, 0x0000000087600000, 0x0000000087600000|100%| E|CS|TAMS 0x0000000087500000| PB 0x0000000087500000| Complete 
|2037|0x00000000ff500000, 0x00000000ff600000, 0x00000000ff600000|100%| O|  |TAMS 0x00000000ff500000| PB 0x00000000ff500000| Untracked 
|2038|0x00000000ff600000, 0x00000000ff700000, 0x00000000ff700000|100%| O|  |TAMS 0x00000000ff600000| PB 0x00000000ff600000| Untracked 
|2039|0x00000000ff700000, 0x00000000ff800000, 0x00000000ff800000|100%| E|CS|TAMS 0x00000000ff700000| PB 0x00000000ff700000| Complete 
|2040|0x00000000ff800000, 0x00000000ff900000, 0x00000000ff900000|100%| O|  |TAMS 0x00000000ff800000| PB 0x00000000ff800000| Untracked 
|2041|0x00000000ff900000, 0x00000000ffa00000, 0x00000000ffa00000|100%| O|  |TAMS 0x00000000ff900000| PB 0x00000000ff900000| Untracked 
|2042|0x00000000ffa00000, 0x00000000ffb00000, 0x00000000ffb00000|100%| O|  |TAMS 0x00000000ffa00000| PB 0x00000000ffa00000| Untracked 
|2043|0x00000000ffb00000, 0x00000000ffc00000, 0x00000000ffc00000|100%| O|  |TAMS 0x00000000ffb00000| PB 0x00000000ffb00000| Untracked 
|2044|0x00000000ffc00000, 0x00000000ffd00000, 0x00000000ffd00000|100%| O|  |TAMS 0x00000000ffc00000| PB 0x00000000ffc00000| Untracked 
|2045|0x00000000ffd00000, 0x00000000ffe00000, 0x00000000ffe00000|100%| O|  |TAMS 0x00000000ffd00000| PB 0x00000000ffd00000| Untracked 
|2046|0x00000000ffe00000, 0x00000000fff00000, 0x00000000fff00000|100%| O|  |TAMS 0x00000000ffe00000| PB 0x00000000ffe00000| Untracked 
|2047|0x00000000fff00000, 0x0000000100000000, 0x0000000100000000|100%| O|  |TAMS 0x00000000fff00000| PB 0x00000000fff00000| Untracked 

Card table byte_map: [0x000001d842a50000,0x000001d842e50000] _byte_map_base: 0x000001d842650000

Marking Bits: (CMBitMap*) 0x000001d82fff4ca0
 Bits: [0x000001d842e50000, 0x000001d844e50000)

Polling page: 0x000001d82dd60000

Metaspace:

Usage:
  Non-class:     60.51 MB used.
      Class:     10.04 MB used.
       Both:     70.55 MB used.

Virtual space:
  Non-class space:       64.00 MB reserved,      61.44 MB ( 96%) committed,  1 nodes.
      Class space:        1.00 GB reserved,      10.94 MB (  1%) committed,  1 nodes.
             Both:        1.06 GB reserved,      72.38 MB (  7%) committed. 

Chunk freelists:
   Non-Class:  2.02 MB
       Class:  5.08 MB
        Both:  7.10 MB

MaxMetaspaceSize: unlimited
CompressedClassSpaceSize: 1.00 GB
Initial GC threshold: 21.00 MB
Current GC threshold: 120.00 MB
CDS: off
 - commit_granule_bytes: 65536.
 - commit_granule_words: 8192.
 - virtual_space_node_default_size: 8388608.
 - enlarge_chunks_in_place: 1.
 - use_allocation_guard: 0.


Internal statistics:

num_allocs_failed_limit: 14.
num_arena_births: 3624.
num_arena_deaths: 0.
num_vsnodes_births: 2.
num_vsnodes_deaths: 0.
num_space_committed: 1158.
num_space_uncommitted: 0.
num_chunks_returned_to_freelist: 14.
num_chunks_taken_from_freelist: 6754.
num_chunk_merges: 14.
num_chunk_splits: 4370.
num_chunks_enlarged: 2643.
num_inconsistent_stats: 0.

CodeHeap 'non-profiled nmethods': size=120000Kb used=3977Kb max_used=3977Kb free=116022Kb
 bounds [0x000001d83abd0000, 0x000001d83afc0000, 0x000001d842100000]
CodeHeap 'profiled nmethods': size=120000Kb used=14210Kb max_used=14719Kb free=105789Kb
 bounds [0x000001d833100000, 0x000001d833f70000, 0x000001d83a630000]
CodeHeap 'non-nmethods': size=5760Kb used=1903Kb max_used=1957Kb free=3856Kb
 bounds [0x000001d83a630000, 0x000001d83a8a0000, 0x000001d83abd0000]
CodeCache: size=245760Kb, used=20090Kb, max_used=20653Kb, free=225667Kb
 total_blobs=8657, nmethods=7867, adapters=693, full_count=0
Compilation: enabled, stopped_count=0, restarted_count=0

Compilation events (20 events):
Event: 42.034 Thread 0x000001d84c0aeb00 9244       3       org.gradle.internal.fingerprint.classpath.impl.ClasspathFingerprintingStrategy$ClasspathFingerprintingVisitor$1::<init> (20 bytes)
Event: 42.034 Thread 0x000001d84c0aeb00 nmethod 9244 0x000001d8335e1710 code [0x000001d8335e18c0, 0x000001d8335e1b40]
Event: 42.035 Thread 0x000001d84c0aeb00 9245       1       org.gradle.internal.fingerprint.classpath.impl.ClasspathFingerprintingStrategy::access$700 (5 bytes)
Event: 42.035 Thread 0x000001d84c0aeb00 nmethod 9245 0x000001d83ad67490 code [0x000001d83ad67620, 0x000001d83ad676d0]
Event: 42.035 Thread 0x000001d84c0aeb00 9246       1       org.gradle.internal.fingerprint.classpath.impl.ClasspathFingerprintingStrategy::access$500 (5 bytes)
Event: 42.035 Thread 0x000001d84c0aeb00 nmethod 9246 0x000001d83ad67190 code [0x000001d83ad67320, 0x000001d83ad673d0]
Event: 42.035 Thread 0x000001d84c0aeb00 9247       1       org.gradle.internal.fingerprint.classpath.impl.ClasspathFingerprintingStrategy::access$600 (5 bytes)
Event: 42.035 Thread 0x000001d84c0aeb00 nmethod 9247 0x000001d83ad66e10 code [0x000001d83ad66fa0, 0x000001d83ad67050]
Event: 42.040 Thread 0x000001d84c0aeb00 9248   !   3       org.gradle.internal.snapshot.FileSystemLeafSnapshot::accept (36 bytes)
Event: 42.041 Thread 0x000001d84c0aeb00 nmethod 9248 0x000001d8339e5590 code [0x000001d8339e57e0, 0x000001d8339e6160]
Event: 42.041 Thread 0x000001d84c0aeb00 9249       3       org.gradle.internal.snapshot.RegularFileSnapshot::accept (8 bytes)
Event: 42.041 Thread 0x000001d84c0aeb00 nmethod 9249 0x000001d8336e0390 code [0x000001d8336e0540, 0x000001d8336e06d8]
Event: 42.041 Thread 0x000001d84c0aeb00 9250       3       org.apache.commons.io.FilenameUtils::indexOfLastSeparator (26 bytes)
Event: 42.042 Thread 0x000001d84c0aeb00 nmethod 9250 0x000001d83396d390 code [0x000001d83396d5e0, 0x000001d83396de58]
Event: 42.047 Thread 0x000001d84c0ae060 nmethod 9165 0x000001d83afaff90 code [0x000001d83afb0240, 0x000001d83afb13b0]
Event: 42.047 Thread 0x000001d84c0ae060 9151       4       sun.reflect.generics.parser.SignatureParser::parsePackageNameAndSimpleClassTypeSignature (119 bytes)
Event: 42.049 Thread 0x000001d84c0aeb00 9251       3       com.google.common.collect.AbstractMapEntry::hashCode (36 bytes)
Event: 42.050 Thread 0x000001d84c0aeb00 nmethod 9251 0x000001d8336fac10 code [0x000001d8336fade0, 0x000001d8336fb150]
Event: 42.232 Thread 0x000001d84c0aeb00 9252       1       org.gradle.internal.concurrent.AbstractManagedExecutor::access$100 (5 bytes)
Event: 42.233 Thread 0x000001d84c0aeb00 nmethod 9252 0x000001d83ac3f990 code [0x000001d83ac3fb20, 0x000001d83ac3fbd0]

GC Heap History (20 events):
Event: 20.456 GC heap before
{Heap before GC invocations=13 (full 0):
 garbage-first heap   total 84992K, used 54607K [0x0000000080000000, 0x0000000100000000)
  region size 1024K, 14 young (14336K), 3 survivors (3072K)
 Metaspace       used 58968K, committed 60608K, reserved 1114112K
  class space    used 8358K, committed 9152K, reserved 1048576K
}
Event: 20.459 GC heap after
{Heap after GC invocations=14 (full 0):
 garbage-first heap   total 84992K, used 44414K [0x0000000080000000, 0x0000000100000000)
  region size 1024K, 3 young (3072K), 3 survivors (3072K)
 Metaspace       used 58968K, committed 60608K, reserved 1114112K
  class space    used 8358K, committed 9152K, reserved 1048576K
}
Event: 21.233 GC heap before
{Heap before GC invocations=15 (full 0):
 garbage-first heap   total 84992K, used 74110K [0x0000000080000000, 0x0000000100000000)
  region size 1024K, 33 young (33792K), 3 survivors (3072K)
 Metaspace       used 62435K, committed 64064K, reserved 1114112K
  class space    used 8878K, committed 9664K, reserved 1048576K
}
Event: 21.237 GC heap after
{Heap after GC invocations=16 (full 0):
 garbage-first heap   total 84992K, used 45763K [0x0000000080000000, 0x0000000100000000)
  region size 1024K, 4 young (4096K), 4 survivors (4096K)
 Metaspace       used 62435K, committed 64064K, reserved 1114112K
  class space    used 8878K, committed 9664K, reserved 1048576K
}
Event: 21.983 GC heap before
{Heap before GC invocations=16 (full 0):
 garbage-first heap   total 84992K, used 76483K [0x0000000080000000, 0x0000000100000000)
  region size 1024K, 34 young (34816K), 4 survivors (4096K)
 Metaspace       used 66350K, committed 68160K, reserved 1114112K
  class space    used 9468K, committed 10304K, reserved 1048576K
}
Event: 21.989 GC heap after
{Heap after GC invocations=17 (full 0):
 garbage-first heap   total 84992K, used 46930K [0x0000000080000000, 0x0000000100000000)
  region size 1024K, 4 young (4096K), 4 survivors (4096K)
 Metaspace       used 66350K, committed 68160K, reserved 1114112K
  class space    used 9468K, committed 10304K, reserved 1048576K
}
Event: 22.852 GC heap before
{Heap before GC invocations=17 (full 0):
 garbage-first heap   total 84992K, used 76626K [0x0000000080000000, 0x0000000100000000)
  region size 1024K, 33 young (33792K), 4 survivors (4096K)
 Metaspace       used 70085K, committed 72000K, reserved 1114112K
  class space    used 10073K, committed 11008K, reserved 1048576K
}
Event: 22.859 GC heap after
{Heap after GC invocations=18 (full 0):
 garbage-first heap   total 84992K, used 48456K [0x0000000080000000, 0x0000000100000000)
  region size 1024K, 4 young (4096K), 4 survivors (4096K)
 Metaspace       used 70085K, committed 72000K, reserved 1114112K
  class space    used 10073K, committed 11008K, reserved 1048576K
}
Event: 33.843 GC heap before
{Heap before GC invocations=19 (full 0):
 garbage-first heap   total 84992K, used 76104K [0x0000000080000000, 0x0000000100000000)
  region size 1024K, 32 young (32768K), 4 survivors (4096K)
 Metaspace       used 71466K, committed 73344K, reserved 1114112K
  class space    used 10231K, committed 11136K, reserved 1048576K
}
Event: 33.849 GC heap after
{Heap after GC invocations=20 (full 0):
 garbage-first heap   total 84992K, used 51516K [0x0000000080000000, 0x0000000100000000)
  region size 1024K, 4 young (4096K), 4 survivors (4096K)
 Metaspace       used 71466K, committed 73344K, reserved 1114112K
  class space    used 10231K, committed 11136K, reserved 1048576K
}
Event: 34.272 GC heap before
{Heap before GC invocations=20 (full 0):
 garbage-first heap   total 84992K, used 76092K [0x0000000080000000, 0x0000000100000000)
  region size 1024K, 29 young (29696K), 4 survivors (4096K)
 Metaspace       used 71675K, committed 73600K, reserved 1114112K
  class space    used 10231K, committed 11136K, reserved 1048576K
}
Event: 34.279 GC heap after
{Heap after GC invocations=21 (full 0):
 garbage-first heap   total 87040K, used 54837K [0x0000000080000000, 0x0000000100000000)
  region size 1024K, 4 young (4096K), 4 survivors (4096K)
 Metaspace       used 71675K, committed 73600K, reserved 1114112K
  class space    used 10231K, committed 11136K, reserved 1048576K
}
Event: 34.582 GC heap before
{Heap before GC invocations=21 (full 0):
 garbage-first heap   total 87040K, used 78389K [0x0000000080000000, 0x0000000100000000)
  region size 1024K, 27 young (27648K), 4 survivors (4096K)
 Metaspace       used 71823K, committed 73728K, reserved 1114112K
  class space    used 10231K, committed 11136K, reserved 1048576K
}
Event: 34.586 GC heap after
{Heap after GC invocations=22 (full 0):
 garbage-first heap   total 87040K, used 56174K [0x0000000080000000, 0x0000000100000000)
  region size 1024K, 3 young (3072K), 3 survivors (3072K)
 Metaspace       used 71823K, committed 73728K, reserved 1114112K
  class space    used 10231K, committed 11136K, reserved 1048576K
}
Event: 34.892 GC heap before
{Heap before GC invocations=23 (full 0):
 garbage-first heap   total 94208K, used 78702K [0x0000000080000000, 0x0000000100000000)
  region size 1024K, 26 young (26624K), 3 survivors (3072K)
 Metaspace       used 71900K, committed 73792K, reserved 1114112K
  class space    used 10232K, committed 11136K, reserved 1048576K
}
Event: 34.895 GC heap after
{Heap after GC invocations=24 (full 0):
 garbage-first heap   total 94208K, used 57437K [0x0000000080000000, 0x0000000100000000)
  region size 1024K, 3 young (3072K), 3 survivors (3072K)
 Metaspace       used 71900K, committed 73792K, reserved 1114112K
  class space    used 10232K, committed 11136K, reserved 1048576K
}
Event: 35.173 GC heap before
{Heap before GC invocations=24 (full 0):
 garbage-first heap   total 94208K, used 84061K [0x0000000080000000, 0x0000000100000000)
  region size 1024K, 30 young (30720K), 3 survivors (3072K)
 Metaspace       used 71916K, committed 73792K, reserved 1114112K
  class space    used 10232K, committed 11136K, reserved 1048576K
}
Event: 35.179 GC heap after
{Heap after GC invocations=25 (full 0):
 garbage-first heap   total 113664K, used 57211K [0x0000000080000000, 0x0000000100000000)
  region size 1024K, 3 young (3072K), 3 survivors (3072K)
 Metaspace       used 71916K, committed 73792K, reserved 1114112K
  class space    used 10232K, committed 11136K, reserved 1048576K
}
Event: 35.603 GC heap before
{Heap before GC invocations=25 (full 0):
 garbage-first heap   total 113664K, used 100219K [0x0000000080000000, 0x0000000100000000)
  region size 1024K, 46 young (47104K), 3 survivors (3072K)
 Metaspace       used 71954K, committed 73792K, reserved 1114112K
  class space    used 10234K, committed 11136K, reserved 1048576K
}
Event: 35.607 GC heap after
{Heap after GC invocations=26 (full 0):
 garbage-first heap   total 113664K, used 59186K [0x0000000080000000, 0x0000000100000000)
  region size 1024K, 5 young (5120K), 5 survivors (5120K)
 Metaspace       used 71954K, committed 73792K, reserved 1114112K
  class space    used 10234K, committed 11136K, reserved 1048576K
}

Dll operation events (3 events):
Event: 0.037 Loaded shared library C:\Program Files\Android\Android Studio\jbr\bin\java.dll
Event: 0.058 Loaded shared library C:\Program Files\Android\Android Studio\jbr\bin\zip.dll
Event: 2.663 Loaded shared library C:\Program Files\Android\Android Studio\jbr\bin\verify.dll

Deoptimization events (20 events):
Event: 37.903 Thread 0x000001d84d37d910 Uncommon trap: trap_request=0xffffffc6 fr.pc=0x000001d83ae29d7c relative=0x00000000000008bc
Event: 37.903 Thread 0x000001d84d37d910 Uncommon trap: reason=bimorphic_or_optimized_type_check action=maybe_recompile pc=0x000001d83ae29d7c method=java.util.HashMap.putVal(ILjava/lang/Object;Ljava/lang/Object;ZZ)Ljava/lang/Object; @ 91 c2
Event: 37.903 Thread 0x000001d84d37d910 DEOPT PACKING pc=0x000001d83ae29d7c sp=0x0000005adfcf67a0
Event: 37.903 Thread 0x000001d84d37d910 DEOPT UNPACKING pc=0x000001d83a6843a2 sp=0x0000005adfcf66b0 mode 2
Event: 41.998 Thread 0x000001d84d37d910 Uncommon trap: trap_request=0xffffffde fr.pc=0x000001d83af6cd54 relative=0x0000000000000354
Event: 41.998 Thread 0x000001d84d37d910 Uncommon trap: reason=class_check action=maybe_recompile pc=0x000001d83af6cd54 method=java.util.stream.ReduceOps.makeRef(Ljava/util/stream/Collector;)Ljava/util/stream/TerminalOp; @ 4 c2
Event: 41.998 Thread 0x000001d84d37d910 DEOPT PACKING pc=0x000001d83af6cd54 sp=0x0000005adfcf9320
Event: 41.998 Thread 0x000001d84d37d910 DEOPT UNPACKING pc=0x000001d83a6843a2 sp=0x0000005adfcf9280 mode 2
Event: 41.998 Thread 0x000001d84d37d910 Uncommon trap: trap_request=0xffffffde fr.pc=0x000001d83af6cd54 relative=0x0000000000000354
Event: 41.998 Thread 0x000001d84d37d910 Uncommon trap: reason=class_check action=maybe_recompile pc=0x000001d83af6cd54 method=java.util.stream.ReduceOps.makeRef(Ljava/util/stream/Collector;)Ljava/util/stream/TerminalOp; @ 4 c2
Event: 41.998 Thread 0x000001d84d37d910 DEOPT PACKING pc=0x000001d83af6cd54 sp=0x0000005adfcf9320
Event: 41.998 Thread 0x000001d84d37d910 DEOPT UNPACKING pc=0x000001d83a6843a2 sp=0x0000005adfcf9280 mode 2
Event: 41.999 Thread 0x000001d84d37d910 Uncommon trap: trap_request=0xffffffde fr.pc=0x000001d83af6cd54 relative=0x0000000000000354
Event: 41.999 Thread 0x000001d84d37f9e0 Uncommon trap: trap_request=0xffffff76 fr.pc=0x000001d83af88df4 relative=0x0000000000000594
Event: 41.999 Thread 0x000001d84d37d910 Uncommon trap: reason=class_check action=maybe_recompile pc=0x000001d83af6cd54 method=java.util.stream.ReduceOps.makeRef(Ljava/util/stream/Collector;)Ljava/util/stream/TerminalOp; @ 4 c2
Event: 41.999 Thread 0x000001d84d37f9e0 Uncommon trap: reason=predicate action=maybe_recompile pc=0x000001d83af88df4 method=java.util.TimSort.binarySort([Ljava/lang/Object;IIILjava/util/Comparator;)V @ 34 c2
Event: 41.999 Thread 0x000001d84d37f9e0 DEOPT PACKING pc=0x000001d83af88df4 sp=0x0000005adfffdd70
Event: 41.999 Thread 0x000001d84d37d910 DEOPT PACKING pc=0x000001d83af6cd54 sp=0x0000005adfcf9320
Event: 41.999 Thread 0x000001d84d37f9e0 DEOPT UNPACKING pc=0x000001d83a6843a2 sp=0x0000005adfffdd48 mode 2
Event: 41.999 Thread 0x000001d84d37d910 DEOPT UNPACKING pc=0x000001d83a6843a2 sp=0x0000005adfcf9280 mode 2

Classes loaded (20 events):
Event: 35.683 Loading class java/io/FileBeanInfo
Event: 35.683 Loading class java/io/FileBeanInfo done
Event: 35.684 Loading class java/io/FileBeanInfo
Event: 35.684 Loading class java/io/FileBeanInfo done
Event: 35.684 Loading class java/io/FileCustomizer
Event: 35.684 Loading class java/io/FileCustomizer done
Event: 35.685 Loading class java/io/FileCustomizer
Event: 35.685 Loading class java/io/FileCustomizer done
Event: 37.911 Loading class java/util/AbstractCollectionBeanInfo
Event: 37.911 Loading class java/util/AbstractCollectionBeanInfo done
Event: 37.911 Loading class java/util/AbstractCollectionBeanInfo
Event: 37.911 Loading class java/util/AbstractCollectionBeanInfo done
Event: 37.911 Loading class java/util/AbstractCollectionCustomizer
Event: 37.911 Loading class java/util/AbstractCollectionCustomizer done
Event: 37.911 Loading class java/util/AbstractCollectionCustomizer
Event: 37.911 Loading class java/util/AbstractCollectionCustomizer done
Event: 41.985 Loading class java/util/stream/SortedOps$RefSortingSink
Event: 41.986 Loading class java/util/stream/SortedOps$RefSortingSink done
Event: 42.006 Loading class java/time/Ser
Event: 42.006 Loading class java/time/Ser done

Classes unloaded (0 events):
No events

Classes redefined (0 events):
No events

Internal exceptions (20 events):
Event: 37.910 Thread 0x000001d84d37d910 Exception <a 'java/lang/ClassNotFoundException'{0x0000000086064620}: org/gradle/api/internal/tasks/DefaultTaskCollectionBeanInfo> (0x0000000086064620) 
thrown [s\src\hotspot\share\classfile\systemDictionary.cpp, line 312]
Event: 37.910 Thread 0x000001d84d37d910 Exception <a 'java/lang/ClassNotFoundException'{0x0000000086070010}: org/gradle/api/internal/DefaultNamedDomainObjectSetBeanInfo> (0x0000000086070010) 
thrown [s\src\hotspot\share\classfile\systemDictionary.cpp, line 312]
Event: 37.910 Thread 0x000001d84d37d910 Exception <a 'java/lang/ClassNotFoundException'{0x000000008607ce60}: org/gradle/api/internal/DefaultNamedDomainObjectCollectionBeanInfo> (0x000000008607ce60) 
thrown [s\src\hotspot\share\classfile\systemDictionary.cpp, line 312]
Event: 37.911 Thread 0x000001d84d37d910 Exception <a 'java/lang/ClassNotFoundException'{0x0000000086089880}: org/gradle/api/internal/DefaultDomainObjectCollectionBeanInfo> (0x0000000086089880) 
thrown [s\src\hotspot\share\classfile\systemDictionary.cpp, line 312]
Event: 37.911 Thread 0x000001d84d37d910 Exception <a 'java/lang/ClassNotFoundException'{0x00000000860908d0}: java/util/AbstractCollectionBeanInfo> (0x00000000860908d0) 
thrown [s\src\hotspot\share\classfile\systemDictionary.cpp, line 312]
Event: 37.911 Thread 0x000001d84d37d910 Exception <a 'java/lang/ClassNotFoundException'{0x0000000086097900}: java/util/AbstractCollectionCustomizer> (0x0000000086097900) 
thrown [s\src\hotspot\share\classfile\systemDictionary.cpp, line 312]
Event: 37.913 Thread 0x000001d84d37d910 Exception <a 'java/lang/ClassNotFoundException'{0x00000000860b5ed0}: org/gradle/api/internal/DefaultDomainObjectCollectionCustomizer> (0x00000000860b5ed0) 
thrown [s\src\hotspot\share\classfile\systemDictionary.cpp, line 312]
Event: 37.916 Thread 0x000001d84d37d910 Exception <a 'java/lang/ClassNotFoundException'{0x00000000860faa68}: org/gradle/api/internal/DefaultNamedDomainObjectCollectionCustomizer> (0x00000000860faa68) 
thrown [s\src\hotspot\share\classfile\systemDictionary.cpp, line 312]
Event: 37.920 Thread 0x000001d84d37d910 Exception <a 'java/lang/ClassNotFoundException'{0x0000000085f4acf8}: org/gradle/api/internal/DefaultNamedDomainObjectSetCustomizer> (0x0000000085f4acf8) 
thrown [s\src\hotspot\share\classfile\systemDictionary.cpp, line 312]
Event: 37.926 Thread 0x000001d84d37d910 Exception <a 'java/lang/ClassNotFoundException'{0x0000000085fd0350}: org/gradle/api/internal/tasks/DefaultTaskCollectionCustomizer> (0x0000000085fd0350) 
thrown [s\src\hotspot\share\classfile\systemDictionary.cpp, line 312]
Event: 37.932 Thread 0x000001d84d37d910 Exception <a 'java/lang/ClassNotFoundException'{0x0000000085e7d668}: org/gradle/api/internal/tasks/DefaultTaskCollection_DecoratedCustomizer> (0x0000000085e7d668) 
thrown [s\src\hotspot\share\classfile\systemDictionary.cpp, line 312]
Event: 41.992 Thread 0x000001d84d37f9e0 Exception <a 'java/lang/NoSuchMethodError'{0x0000000085d2f270}: static Lorg/gradle/internal/build/event/types/DefaultOperationFinishedProgressEvent;.<clinit>()V> (0x0000000085d2f270) 
thrown [s\src\hotspot\share\prims\jni.cpp, line 1144]
Event: 41.998 Thread 0x000001d84d37f9e0 Exception <a 'java/lang/NoSuchMethodError'{0x0000000085d5ab18}: static Lorg/gradle/internal/build/event/types/DefaultProjectConfigurationSuccessResult;.<clinit>()V> (0x0000000085d5ab18) 
thrown [s\src\hotspot\share\prims\jni.cpp, line 1144]
Event: 41.998 Thread 0x000001d84d37f9e0 Exception <a 'java/lang/NoSuchMethodError'{0x0000000085d5c138}: static Lorg/gradle/internal/build/event/types/AbstractProjectConfigurationResult;.<clinit>()V> (0x0000000085d5c138) 
thrown [s\src\hotspot\share\prims\jni.cpp, line 1144]
Event: 41.999 Thread 0x000001d84d37f9e0 Exception <a 'java/lang/NoSuchMethodError'{0x0000000085d5d9e8}: static Lorg/gradle/internal/build/event/types/AbstractOperationResult;.<clinit>()V> (0x0000000085d5d9e8) 
thrown [s\src\hotspot\share\prims\jni.cpp, line 1144]
Event: 41.999 Thread 0x000001d84d37f9e0 Exception <a 'java/lang/NoSuchMethodError'{0x0000000085d5eea8}: static Lorg/gradle/internal/build/event/types/AbstractResult;.<clinit>()V> (0x0000000085d5eea8) 
thrown [s\src\hotspot\share\prims\jni.cpp, line 1144]
Event: 42.002 Thread 0x000001d84d37f9e0 Exception <a 'java/lang/NoSuchMethodError'{0x0000000085d79df8}: static Lorg/gradle/internal/build/event/types/DefaultPluginApplicationResult;.<clinit>()V> (0x0000000085d79df8) 
thrown [s\src\hotspot\share\prims\jni.cpp, line 1144]
Event: 42.004 Thread 0x000001d84d37f9e0 Exception <a 'java/lang/NoSuchMethodError'{0x0000000085dacc70}: static Lorg/gradle/internal/build/event/types/DefaultBinaryPluginIdentifier;.<clinit>()V> (0x0000000085dacc70) 
thrown [s\src\hotspot\share\prims\jni.cpp, line 1144]
Event: 42.008 Thread 0x000001d84d37f9e0 Exception <a 'java/lang/NoSuchMethodError'{0x0000000085dc8100}: static Lorg/gradle/internal/build/event/types/DefaultScriptPluginIdentifier;.<clinit>()V> (0x0000000085dc8100) 
thrown [s\src\hotspot\share\prims\jni.cpp, line 1144]
Event: 42.038 Thread 0x000001d84c09c360 Exception <a 'sun/nio/fs/WindowsException'{0x0000000085b05370}> (0x0000000085b05370) 
thrown [s\src\hotspot\share\prims\jni.cpp, line 537]

ZGC Phase Switch (0 events):
No events

VM Operations (20 events):
Event: 34.629 Executing safepoint VM operation: G1PauseRemark
Event: 34.634 Executing safepoint VM operation: G1PauseRemark done
Event: 34.648 Executing safepoint VM operation: G1PauseCleanup
Event: 34.648 Executing safepoint VM operation: G1PauseCleanup done
Event: 34.892 Executing safepoint VM operation: G1CollectForAllocation (G1 Evacuation Pause)
Event: 34.895 Executing safepoint VM operation: G1CollectForAllocation (G1 Evacuation Pause) done
Event: 35.173 Executing safepoint VM operation: G1CollectForAllocation (G1 Evacuation Pause)
Event: 35.179 Executing safepoint VM operation: G1CollectForAllocation (G1 Evacuation Pause) done
Event: 35.602 Executing safepoint VM operation: G1CollectForAllocation (G1 Evacuation Pause)
Event: 35.607 Executing safepoint VM operation: G1CollectForAllocation (G1 Evacuation Pause) done
Event: 35.649 Executing safepoint VM operation: G1PauseRemark
Event: 35.654 Executing safepoint VM operation: G1PauseRemark done
Event: 35.671 Executing safepoint VM operation: G1PauseCleanup
Event: 35.671 Executing safepoint VM operation: G1PauseCleanup done
Event: 36.678 Executing safepoint VM operation: Cleanup
Event: 37.884 Executing safepoint VM operation: Cleanup done
Event: 38.896 Executing safepoint VM operation: Cleanup
Event: 38.896 Executing safepoint VM operation: Cleanup done
Event: 42.950 Executing safepoint VM operation: Cleanup
Event: 42.950 Executing safepoint VM operation: Cleanup done

Memory protections (0 events):
No events

Nmethod flushes (20 events):
Event: 35.653 Thread 0x000001d84c018c10 flushing  nmethod 0x000001d8335b7690
Event: 35.653 Thread 0x000001d84c018c10 flushing  nmethod 0x000001d833670f90
Event: 35.653 Thread 0x000001d84c018c10 flushing  nmethod 0x000001d8336bfe90
Event: 35.653 Thread 0x000001d84c018c10 flushing  nmethod 0x000001d833736890
Event: 35.653 Thread 0x000001d84c018c10 flushing  nmethod 0x000001d83373bd10
Event: 35.653 Thread 0x000001d84c018c10 flushing  nmethod 0x000001d833804190
Event: 35.653 Thread 0x000001d84c018c10 flushing  nmethod 0x000001d833844790
Event: 35.653 Thread 0x000001d84c018c10 flushing  nmethod 0x000001d833846e90
Event: 35.653 Thread 0x000001d84c018c10 flushing  nmethod 0x000001d833895510
Event: 35.653 Thread 0x000001d84c018c10 flushing  nmethod 0x000001d833965a90
Event: 35.653 Thread 0x000001d84c018c10 flushing  nmethod 0x000001d8339beb10
Event: 35.653 Thread 0x000001d84c018c10 flushing  nmethod 0x000001d8339c3310
Event: 35.653 Thread 0x000001d84c018c10 flushing  nmethod 0x000001d833a0c310
Event: 35.653 Thread 0x000001d84c018c10 flushing  nmethod 0x000001d833a0ca90
Event: 35.653 Thread 0x000001d84c018c10 flushing  nmethod 0x000001d833a0d290
Event: 35.653 Thread 0x000001d84c018c10 flushing  nmethod 0x000001d833a0e410
Event: 35.653 Thread 0x000001d84c018c10 flushing  nmethod 0x000001d833a40190
Event: 35.653 Thread 0x000001d84c018c10 flushing  nmethod 0x000001d833a41210
Event: 35.653 Thread 0x000001d84c018c10 flushing  nmethod 0x000001d833ad5d10
Event: 35.653 Thread 0x000001d84c018c10 flushing  nmethod 0x000001d833b2da90

Events (20 events):
Event: 19.053 Thread 0x000001d84d37d910 Thread added: 0x000001d850763850
Event: 19.057 Thread 0x000001d84d37d910 Thread added: 0x000001d850768710
Event: 19.061 Thread 0x000001d84d37d910 Thread added: 0x000001d850767360
Event: 19.063 Thread 0x000001d84d37d910 Thread added: 0x000001d850768da0
Event: 19.066 Thread 0x000001d84d37d910 Thread added: 0x000001d850769430
Event: 19.069 Thread 0x000001d84d37d910 Thread added: 0x000001d8507679f0
Event: 19.072 Thread 0x000001d84d37d910 Thread added: 0x000001d850769ac0
Event: 19.075 Thread 0x000001d84d37d910 Thread added: 0x000001d850768080
Event: 19.080 Thread 0x000001d84d37d910 Thread added: 0x000001d85093db20
Event: 19.147 Thread 0x000001d84d37d910 Thread added: 0x000001d850940280
Event: 19.149 Thread 0x000001d84d37d910 Thread added: 0x000001d85093fbf0
Event: 19.361 Thread 0x000001d84d37d910 Thread added: 0x000001d850940910
Event: 19.507 Thread 0x000001d84d37d910 Thread added: 0x000001d85093e840
Event: 19.623 Thread 0x000001d84d37d910 Thread added: 0x000001d85093e1b0
Event: 19.678 Thread 0x000001d84d37d910 Thread added: 0x000001d85093d490
Event: 19.702 Thread 0x000001d84d37d910 Thread added: 0x000001d850942350
Event: 30.087 Thread 0x000001d84c0aeb00 Thread added: 0x000001d84d29ef40
Event: 30.302 Thread 0x000001d84d29ef40 Thread exited: 0x000001d84d29ef40
Event: 33.085 Thread 0x000001d84c0aeb00 Thread added: 0x000001d84d29cd30
Event: 33.958 Thread 0x000001d84c0aeb00 Thread added: 0x000001d84d29ef40


Dynamic libraries:
0x00007ff6a4a60000 - 0x00007ff6a4a6a000 	C:\Program Files\Android\Android Studio\jbr\bin\java.exe
0x00007ff8446e0000 - 0x00007ff844947000 	C:\WINDOWS\SYSTEM32\ntdll.dll
0x00007ff842d00000 - 0x00007ff842dc9000 	C:\WINDOWS\System32\KERNEL32.DLL
0x00007ff841d30000 - 0x00007ff842127000 	C:\WINDOWS\System32\KERNELBASE.dll
0x00007ff842130000 - 0x00007ff84227b000 	C:\WINDOWS\System32\ucrtbase.dll
0x00007ff837680000 - 0x00007ff837698000 	C:\Program Files\Android\Android Studio\jbr\bin\jli.dll
0x00007ff82e0e0000 - 0x00007ff82e0fb000 	C:\Program Files\Android\Android Studio\jbr\bin\VCRUNTIME140.dll
0x00007ff842de0000 - 0x00007ff842fa6000 	C:\WINDOWS\System32\USER32.dll
0x00007ff841110000 - 0x00007ff841137000 	C:\WINDOWS\System32\win32u.dll
0x00007ff82d560000 - 0x00007ff82d7f2000 	C:\WINDOWS\WinSxS\amd64_microsoft.windows.common-controls_6595b64144ccf1df_6.0.26100.8457_none_3e0b2faee331e92d\COMCTL32.dll
0x00007ff8425b0000 - 0x00007ff842659000 	C:\WINDOWS\System32\msvcrt.dll
0x00007ff842580000 - 0x00007ff8425ab000 	C:\WINDOWS\System32\GDI32.dll
0x00007ff842330000 - 0x00007ff84245c000 	C:\WINDOWS\System32\gdi32full.dll
0x00007ff842280000 - 0x00007ff842323000 	C:\WINDOWS\System32\msvcp_win.dll
0x00007ff8431d0000 - 0x00007ff843202000 	C:\WINDOWS\System32\IMM32.DLL
0x00007ff83d680000 - 0x00007ff83d68c000 	C:\Program Files\Android\Android Studio\jbr\bin\vcruntime140_1.dll
0x00007fffd2570000 - 0x00007fffd25fd000 	C:\Program Files\Android\Android Studio\jbr\bin\msvcp140.dll
0x00007fff73950000 - 0x00007fff745e6000 	C:\Program Files\Android\Android Studio\jbr\bin\server\jvm.dll
0x00007ff842c40000 - 0x00007ff842cf6000 	C:\WINDOWS\System32\ADVAPI32.dll
0x00007ff8427d0000 - 0x00007ff842877000 	C:\WINDOWS\System32\sechost.dll
0x00007ff842460000 - 0x00007ff842578000 	C:\WINDOWS\System32\RPCRT4.dll
0x00007ff842910000 - 0x00007ff842990000 	C:\WINDOWS\System32\WS2_32.dll
0x00007ff840f70000 - 0x00007ff840fce000 	C:\WINDOWS\SYSTEM32\POWRPROF.dll
0x00007ff839730000 - 0x00007ff83973b000 	C:\WINDOWS\SYSTEM32\VERSION.dll
0x00007ff8396f0000 - 0x00007ff839726000 	C:\WINDOWS\SYSTEM32\WINMM.dll
0x00007ff840f50000 - 0x00007ff840f64000 	C:\WINDOWS\SYSTEM32\UMPDC.dll
0x00007ff83fea0000 - 0x00007ff83febb000 	C:\WINDOWS\SYSTEM32\kernel.appcore.dll
0x00007ff83a9b0000 - 0x00007ff83a9ba000 	C:\Program Files\Android\Android Studio\jbr\bin\jimage.dll
0x00007ff83f2f0000 - 0x00007ff83f532000 	C:\WINDOWS\SYSTEM32\DBGHELP.DLL
0x00007ff844310000 - 0x00007ff844693000 	C:\WINDOWS\System32\combase.dll
0x00007ff842b60000 - 0x00007ff842c39000 	C:\WINDOWS\System32\OLEAUT32.dll
0x00007ff81d890000 - 0x00007ff81d8cb000 	C:\WINDOWS\SYSTEM32\dbgcore.DLL
0x00007ff841bf0000 - 0x00007ff841c98000 	C:\WINDOWS\System32\bcryptPrimitives.dll
0x00007ff83d690000 - 0x00007ff83d69e000 	C:\Program Files\Android\Android Studio\jbr\bin\instrument.dll
0x00007ff828fb0000 - 0x00007ff828fd0000 	C:\Program Files\Android\Android Studio\jbr\bin\java.dll
0x00007ff81d200000 - 0x00007ff81d218000 	C:\Program Files\Android\Android Studio\jbr\bin\zip.dll
0x00007ff843210000 - 0x00007ff84397e000 	C:\WINDOWS\System32\SHELL32.dll
0x00007ff841380000 - 0x00007ff841bec000 	C:\WINDOWS\System32\windows.storage.dll
0x00007ff844210000 - 0x00007ff844306000 	C:\WINDOWS\System32\SHCORE.dll
0x00007ff842a30000 - 0x00007ff842a96000 	C:\WINDOWS\System32\shlwapi.dll
0x00007ff841030000 - 0x00007ff841059000 	C:\WINDOWS\SYSTEM32\profapi.dll
0x00007ff837620000 - 0x00007ff837630000 	C:\Program Files\Android\Android Studio\jbr\bin\net.dll
0x00007ff83acf0000 - 0x00007ff83ae19000 	C:\WINDOWS\SYSTEM32\WINHTTP.dll
0x00007ff840410000 - 0x00007ff84047c000 	C:\WINDOWS\system32\mswsock.dll
0x00007ff81d1e0000 - 0x00007ff81d1f6000 	C:\Program Files\Android\Android Studio\jbr\bin\nio.dll
0x00007ff830ca0000 - 0x00007ff830cb0000 	C:\Program Files\Android\Android Studio\jbr\bin\verify.dll
0x00007ff81d670000 - 0x00007ff81d697000 	C:\Users\avina\.gradle\native\660c5614fbf4a5f2a75b1949f50a0caf5cd603558e7d8a26e50b933a0cfb79d1\windows-amd64\native-platform.dll
0x00007ffff21a0000 - 0x00007ffff2217000 	C:\Users\avina\.gradle\native\0.2.8\x86_64-windows-gnu\gradle-fileevents.dll
0x00007ff8346f0000 - 0x00007ff8346f9000 	C:\Program Files\Android\Android Studio\jbr\bin\management.dll
0x00007ff834690000 - 0x00007ff83469b000 	C:\Program Files\Android\Android Studio\jbr\bin\management_ext.dll
0x00007ff842fb0000 - 0x00007ff842fb8000 	C:\WINDOWS\System32\PSAPI.DLL
0x00007ff83f860000 - 0x00007ff83f892000 	C:\WINDOWS\SYSTEM32\IPHLPAPI.DLL
0x00007ff842660000 - 0x00007ff84266a000 	C:\WINDOWS\System32\NSI.dll
0x00007ff834730000 - 0x00007ff834739000 	C:\Program Files\Android\Android Studio\jbr\bin\extnet.dll
0x00007ff840700000 - 0x00007ff84071b000 	C:\WINDOWS\SYSTEM32\CRYPTSP.dll
0x00007ff83fe00000 - 0x00007ff83fe39000 	C:\WINDOWS\system32\rsaenh.dll
0x00007ff8404c0000 - 0x00007ff8404f3000 	C:\WINDOWS\SYSTEM32\USERENV.dll
0x00007ff841000000 - 0x00007ff84102a000 	C:\WINDOWS\SYSTEM32\bcrypt.dll
0x00007ff8406f0000 - 0x00007ff8406fc000 	C:\WINDOWS\SYSTEM32\CRYPTBASE.dll
0x00007fffa3bd0000 - 0x00007fffa3bd8000 	C:\WINDOWS\system32\wshunix.dll

JVMTI agents:
C:\Users\avina\.gradle\wrapper\dists\gradle-9.4.1-bin\arn2x92ynaizyzdaamcbpbhtj\gradle-9.4.1\lib\agents\gradle-instrumentation-agent-9.4.1.jar path:C:\Program Files\Android\Android Studio\jbr\bin\instrument.dll, loaded, initialized, instrumentlib options:none

dbghelp: loaded successfully - version: 4.0.5 - missing functions: none
symbol engine: initialized successfully - sym options: 0x614 - pdb path: .;C:\Program Files\Android\Android Studio\jbr\bin;C:\WINDOWS\SYSTEM32;C:\WINDOWS\WinSxS\amd64_microsoft.windows.common-controls_6595b64144ccf1df_6.0.26100.8457_none_3e0b2faee331e92d;C:\Program Files\Android\Android Studio\jbr\bin\server;C:\Users\avina\.gradle\native\660c5614fbf4a5f2a75b1949f50a0caf5cd603558e7d8a26e50b933a0cfb79d1\windows-amd64;C:\Users\avina\.gradle\native\0.2.8\x86_64-windows-gnu

VM Arguments:
jvm_args: --add-opens=java.base/java.lang=ALL-UNNAMED --add-opens=java.base/java.lang.invoke=ALL-UNNAMED --add-opens=java.base/java.util=ALL-UNNAMED --add-opens=java.prefs/java.util.prefs=ALL-UNNAMED --add-exports=jdk.compiler/com.sun.tools.javac.api=ALL-UNNAMED --add-exports=jdk.compiler/com.sun.tools.javac.util=ALL-UNNAMED --add-opens=java.base/java.util=ALL-UNNAMED --add-opens=java.prefs/java.util.prefs=ALL-UNNAMED --add-opens=java.base/java.nio.charset=ALL-UNNAMED --add-opens=java.base/java.net=ALL-UNNAMED --add-opens=java.base/java.util.concurrent=ALL-UNNAMED --add-opens=java.base/java.util.concurrent.atomic=ALL-UNNAMED --add-opens=java.xml/javax.xml.namespace=ALL-UNNAMED --add-opens=java.base/java.time=ALL-UNNAMED -Xmx2048m -Dfile.encoding=UTF-8 -Duser.country=IN -Duser.language=en -Duser.variant -javaagent:C:\Users\avina\.gradle\wrapper\dists\gradle-9.4.1-bin\arn2x92ynaizyzdaamcbpbhtj\gradle-9.4.1\lib\agents\gradle-instrumentation-agent-9.4.1.jar 
java_command: org.gradle.launcher.daemon.bootstrap.GradleDaemon 9.4.1
java_class_path (initial): C:\Users\avina\.gradle\wrapper\dists\gradle-9.4.1-bin\arn2x92ynaizyzdaamcbpbhtj\gradle-9.4.1\lib\gradle-daemon-main-9.4.1.jar
Launcher Type: SUN_STANDARD

[Global flags]
     intx CICompilerCount                          = 4                                         {product} {ergonomic}
     uint ConcGCThreads                            = 3                                         {product} {ergonomic}
     uint G1ConcRefinementThreads                  = 10                                        {product} {ergonomic}
   size_t G1HeapRegionSize                         = 1048576                                   {product} {ergonomic}
    uintx GCDrainStackTargetSize                   = 64                                        {product} {ergonomic}
   size_t InitialHeapSize                          = 123731968                                 {product} {ergonomic}
   size_t MarkStackSize                            = 4194304                                   {product} {ergonomic}
   size_t MaxHeapSize                              = 2147483648                                {product} {command line}
   size_t MaxNewSize                               = 1287651328                                {product} {ergonomic}
   size_t MinHeapDeltaBytes                        = 1048576                                   {product} {ergonomic}
   size_t MinHeapSize                              = 8388608                                   {product} {ergonomic}
    uintx NonNMethodCodeHeapSize                   = 5839372                                {pd product} {ergonomic}
    uintx NonProfiledCodeHeapSize                  = 122909434                              {pd product} {ergonomic}
    uintx ProfiledCodeHeapSize                     = 122909434                              {pd product} {ergonomic}
    uintx ReservedCodeCacheSize                    = 251658240                              {pd product} {ergonomic}
     bool SegmentedCodeCache                       = true                                      {product} {ergonomic}
   size_t SoftMaxHeapSize                          = 2147483648                             {manageable} {ergonomic}
     bool UseCompressedOops                        = true                           {product lp64_product} {ergonomic}
     bool UseG1GC                                  = true                                      {product} {ergonomic}
     bool UseLargePagesIndividualAllocation        = false                                  {pd product} {ergonomic}

Logging:
Log output configuration:
 #0: stdout all=warning uptime,level,tags foldmultilines=false
 #1: stderr all=off uptime,level,tags foldmultilines=false

Release file:
JAVA_VERSION="21.0.10" 
MODULES="java.base java.compiler java.datatransfer java.xml java.prefs java.desktop java.instrument java.logging java.management java.security.sasl java.naming java.rmi java.management.rmi java.net.http java.scripting java.security.jgss java.transaction.xa java.sql java.sql.rowset java.xml.crypto java.se java.smartcardio jdk.accessibility jdk.internal.jvmstat jdk.attach jdk.charsets jdk.internal.opt jdk.zipfs jdk.compiler jdk.crypto.ec jdk.crypto.cryptoki jdk.dynalink jdk.hotspot.agent jdk.httpserver jdk.internal.ed jdk.internal.le jdk.internal.vm.ci jdk.jartool jdk.javadoc jdk.jcmd jdk.jdeps jdk.jdwp.agent jdk.jdi jdk.jfr jdk.jlink jdk.jsobject jdk.localedata jdk.management jdk.management.agent jdk.management.jfr jdk.naming.dns jdk.naming.rmi jdk.net jdk.sctp jdk.security.auth jdk.security.jgss jdk.unsupported jdk.unsupported.desktop jdk.xml.dom" 
IMPLEMENTOR="JetBrains s.r.o." 
JAVA_RUNTIME_VERSION="21.0.10+-14961533-b1163.108" 
LIBC="default" 
OS_ARCH="x86_64" 
OS_NAME="Windows" 
SOURCE=".:git:1351622c2ff2" 

Environment Variables:
PATH=D:\\bin;D:\\libnvvp;C:\Program Files\Common Files\Oracle\Java\javapath;C:\Program Files (x86)\Common Files\Oracle\Java\javapath;C:\app\avina\product\21c\dbhomeXE\bin;C:\Windows\system32;C:\Windows;C:\Windows\System32\Wbem;C:\Windows\System32\WindowsPowerShell\v1.0\;C:\Windows\System32\OpenSSH\;C:\WINDOWS\system32;C:\WINDOWS;C:\WINDOWS\System32\Wbem;C:\WINDOWS\System32\WindowsPowerShell\v1.0\;C:\WINDOWS\System32\OpenSSH\;C:\Program Files\dotnet\;C:\Program Files\Java\jdk1.8.0_202\bin;C:\Program Files\Git\cmd;C:\Program Files (x86)\NVIDIA Corporation\PhysX\Common;C:\Program Files\NVIDIA Corporation\NVIDIA App\NvDLISR;C:\Program Files\Microsoft SQL Server\150\Tools\Binn\;C:\Program Files\Microsoft SQL Server\Client SDK\ODBC\170\Tools\Binn\;C:\Program Files\NVIDIA Corporation\Nsight Compute 2025.2.0\;C:\Program Files\nodejs\;C:\Users\avina\flutter\bin;C:\Program Files\Go\bin;C:\Users\avina\AppData\Local\Microsoft\WindowsApps;C:\Users\avina\AppData\Local\Programs\Microsoft VS Code\bin;C:\MinGW\bin;C:\Program Files\Java\jdk1.8.0_202\bin;C:\Users\avina\.dotnet\tools;C:\Users\avina\AppData\Roaming\npm;C:\Program Files (x86)\Nmap;C:\Program Files\sf\bin;C:\Users\avina\AppData\Local\Programs\Antigravity\bin;C:\Users\avina\go\bin;C:\Users\avina\AppData\Local\Programs\Antigravity IDE\bin
USERNAME=avina
OS=Windows_NT
PROCESSOR_IDENTIFIER=AMD64 Family 23 Model 104 Stepping 1, AuthenticAMD
TMP=C:\Users\avina\AppData\Local\Temp
TEMP=C:\Users\avina\AppData\Local\Temp




Periodic native trim disabled

JNI global refs:
JNI global refs: 27, weak refs: 0

JNI global refs memory usage: 835, weak refs: 833

Process memory usage:
Resident Set Size: 146392K (1% of 7694920K total physical memory with 352792K free physical memory)

OOME stack traces (most recent first):
Classloader memory used:
Loader org.gradle.internal.classloader.VisitableURLClassLoader                         : 37697K
Loader bootstrap                                                                       : 22711K
Loader org.gradle.initialization.MixInLegacyTypesClassLoader                           : 10962K
Loader org.gradle.internal.classloader.VisitableURLClassLoader                         : 199K
Loader jdk.internal.loader.ClassLoaders$AppClassLoader                                 : 189K
Loader jdk.internal.reflect.DelegatingClassLoader                                      : 151K
Loader jdk.internal.loader.ClassLoaders$PlatformClassLoader                            : 150K
Loader org.gradle.groovy.scripts.internal.DefaultScriptCompilationHandler$ScriptClassLoader: 118K
Loader org.gradle.internal.classloader.VisitableURLClassLoader$InstrumentingVisitableURLClassLoader: 90568B

Classes loaded by more than one classloader:
Class Program                                                                         : loaded 4 times (x 74B)
Class org.gradle.internal.classloader.ClassLoaderHierarchy                            : loaded 2 times (x 70B)
Class org.gradle.internal.classloader.DefaultClassLoaderFactory                       : loaded 2 times (x 82B)
Class org.gradle.api.internal.DefaultClassPathProvider                                : loaded 2 times (x 76B)
Class [Lorg.gradle.api.internal.ClassPathProvider;                                    : loaded 2 times (x 69B)
Class org.gradle.api.internal.ClassPathProvider                                       : loaded 2 times (x 70B)
Class org.gradle.internal.service.UnknownServiceException                             : loaded 2 times (x 83B)
Class org.gradle.internal.classpath.TransformedClassPath                              : loaded 2 times (x 96B)
Class org.gradle.internal.classloader.InstrumentingClassLoader                        : loaded 2 times (x 70B)
Class org.gradle.internal.service.ServiceLocator                                      : loaded 2 times (x 70B)
Class org.gradle.kotlin.dsl.VersionCatalogAccessorsKt                                 : loaded 2 times (x 71B)
Class org.gradle.api.internal.classpath.DefaultModuleRegistry$DefaultModule           : loaded 2 times (x 82B)
Class org.gradle.api.internal.classpath.Module                                        : loaded 2 times (x 70B)
Class ijKotlinCoroutineJvmDebugInit1_d7h0icejla2jfja2ezfn1jgjv$_run_closure1$_closure2: loaded 2 times (x 139B)
Class org.gradle.api.internal.classpath.UnknownModuleException                        : loaded 2 times (x 82B)
Class ijJvmDebugger1_3x1bi20f782s87srrmoo04muc$_run_closure1$_closure2                : loaded 2 times (x 140B)
Class org.gradle.api.internal.DefaultClassPathRegistry                                : loaded 2 times (x 76B)
Class org.gradle.internal.classpath.DefaultClassPath$ImmutableUniqueList              : loaded 2 times (x 199B)
Class org.gradle.api.internal.ClassPathRegistry                                       : loaded 2 times (x 70B)
Class org.gradle.internal.classloader.FilteringClassLoader                            : loaded 2 times (x 105B)
Class Settings_gradle$1                                                               : loaded 2 times (x 74B)
Class org.gradle.internal.classpath.ClassPath                                         : loaded 2 times (x 70B)
Class org.gradle.api.internal.classpath.DefaultModuleRegistry$DefaultModuleAlias      : loaded 2 times (x 80B)
Class org.gradle.api.internal.classpath.ModuleRegistry                                : loaded 2 times (x 70B)
Class org.gradle.internal.installation.GradleInstallation$1                           : loaded 2 times (x 75B)
Class org.gradle.api.internal.classpath.DefaultModuleRegistry                         : loaded 2 times (x 84B)
Class ijJvmDebugger1_3x1bi20f782s87srrmoo04muc$_run_closure1                          : loaded 2 times (x 139B)
Class org.gradle.internal.service.ServiceLookupException                              : loaded 2 times (x 82B)
Class org.gradle.internal.classloader.ClassLoaderFactory                              : loaded 2 times (x 70B)
Class org.gradle.internal.service.CachingServiceLocator                               : loaded 2 times (x 82B)
Class org.gradle.internal.classloader.ClasspathUtil                                   : loaded 2 times (x 71B)
Class org.gradle.api.specs.Spec                                                       : loaded 2 times (x 70B)
Class org.gradle.internal.classloader.VisitableURLClassLoader$InstrumentingVisitableURLClassLoader: loaded 2 times (x 123B)
Class org.gradle.internal.classloader.VisitableURLClassLoader$Spec                    : loaded 2 times (x 74B)
Class org.gradle.internal.classpath.DefaultClassPath                                  : loaded 2 times (x 90B)
Class org.gradle.internal.classloader.ClassLoaderSpec                                 : loaded 2 times (x 71B)
Class ijKotlinCoroutineJvmDebugInit1_d7h0icejla2jfja2ezfn1jgjv$_run_closure1          : loaded 2 times (x 139B)
Class ijJvmDebugger1_3x1bi20f782s87srrmoo04muc                                        : loaded 2 times (x 171B)
Class Settings_gradle$1$1                                                             : loaded 2 times (x 74B)
Class org.gradle.api.internal.classpath.Module$ModuleAlias                            : loaded 2 times (x 70B)
Class org.gradle.internal.classloader.VisitableURLClassLoader                         : loaded 2 times (x 117B)
Class Settings_gradle                                                                 : loaded 2 times (x 124B)
Class org.gradle.internal.Cast                                                        : loaded 2 times (x 71B)
Class org.gradle.api.Action                                                           : loaded 2 times (x 70B)
Class org.gradle.internal.classpath.DefaultClassPath$ImmutableUniqueList$Builder      : loaded 2 times (x 75B)
Class org.gradle.api.GradleException                                                  : loaded 2 times (x 82B)
Class org.gradle.internal.IoActions                                                   : loaded 2 times (x 71B)
Class ijKotlinCoroutineJvmDebugInit1_d7h0icejla2jfja2ezfn1jgjv                        : loaded 2 times (x 171B)
Class Build_gradle                                                                    : loaded 2 times (x 72B)
Class org.gradle.internal.installation.CurrentGradleInstallationLocator               : loaded 2 times (x 71B)
Class org.gradle.internal.service.DefaultServiceLocator                               : loaded 2 times (x 83B)
Class org.gradle.internal.installation.CurrentGradleInstallation                      : loaded 2 times (x 73B)
Class org.gradle.util.internal.GUtil                                                  : loaded 2 times (x 71B)
Class org.gradle.internal.installation.GradleInstallation                             : loaded 2 times (x 75B)

---------------  S Y S T E M  ---------------

OS:
 Windows 11 , 64 bit Build 26100 (10.0.26100.8328)
OS uptime: 9 days 0:44 hours
Hyper-V role detected

CPU: total 12 (initial active 12) (12 cores per cpu, 2 threads per core) family 23 model 104 stepping 1 microcode 0x8608103, cx8, cmov, fxsr, ht, mmx, 3dnowpref, sse, sse2, sse3, ssse3, sse4a, sse4.1, sse4.2, popcnt, lzcnt, tsc, tscinvbit, avx, avx2, aes, clmul, bmi1, bmi2, adx, sha, fma, vzeroupper, clflush, clflushopt, hv, rdtscp, rdpid, f16c
Processor Information for the first 12 processors :
  Max Mhz: 2100, Current Mhz: 2100, Mhz Limit: 2100

Memory: 4k page, system-wide physical 7514M (236M free)
TotalPageFile size 31066M (AvailPageFile size 40M)
current process WorkingSet (physical memory assigned to process): 142M, peak: 264M
current process commit charge ("private bytes"): 380M, peak: 381M

vm_info: OpenJDK 64-Bit Server VM (21.0.10+-14961533-b1163.108) for windows-amd64 JRE (21.0.10+-14961533-b1163.108), built on 2026-03-02T19:58:50Z by "builder" with MS VC++ 16.10 / 16.11 (VS2019)

END.
